<?xml version="1.0" encoding="UTF-8"?>
<testng-results ignored="0" total="1" passed="1" failed="0" skipped="0">
  <reporter-output>
  </reporter-output>
  <suite started-at="2023-10-23T23:12:37 TRT" name="Default suite" finished-at="2023-10-23T23:12:42 TRT" duration-ms="4756">
    <groups>
    </groups>
    <test started-at="2023-10-23T23:12:37 TRT" name="Default test" finished-at="2023-10-23T23:12:42 TRT" duration-ms="4756">
      <class name="project2.class1">
        <test-method is-config="true" signature="login()[pri:0, instance:project2.class1@368f2016]" started-at="2023-10-23T23:12:37 TRT" name="login" finished-at="2023-10-23T23:12:41 TRT" duration-ms="3688" status="PASS">
          <reporter-output>
          </reporter-output>
        </test-method> <!-- login -->
        <test-method signature="mytest()[pri:1, instance:project2.class1@368f2016]" started-at="2023-10-23T23:12:41 TRT" name="mytest" finished-at="2023-10-23T23:12:42 TRT" duration-ms="840" status="PASS">
          <reporter-output>
          </reporter-output>
        </test-method> <!-- mytest -->
        <test-method is-config="true" signature="mypost()[pri:0, instance:project2.class1@368f2016]" started-at="2023-10-23T23:12:42 TRT" name="mypost" finished-at="2023-10-23T23:12:42 TRT" duration-ms="171" status="PASS">
          <reporter-output>
          </reporter-output>
        </test-method> <!-- mypost -->
      </class> <!-- project2.class1 -->
    </test> <!-- Default test -->
  </suite> <!-- Default suite -->
</testng-results>
