<?xml version="1.0" encoding="UTF-8"?>
<testng-results ignored="0" total="2" passed="2" failed="0" skipped="0">
  <reporter-output>
  </reporter-output>
  <suite started-at="2023-10-24T09:15:51 TRT" name="Default suite" finished-at="2023-10-24T09:16:02 TRT" duration-ms="10969">
    <groups>
    </groups>
    <test started-at="2023-10-24T09:15:51 TRT" name="Default test" finished-at="2023-10-24T09:16:02 TRT" duration-ms="10969">
      <class name="project2.class1">
        <test-method is-config="true" signature="login()[pri:0, instance:project2.class1@368f2016]" started-at="2023-10-24T09:15:51 TRT" name="login" finished-at="2023-10-24T09:15:55 TRT" duration-ms="3569" status="PASS">
          <reporter-output>
          </reporter-output>
        </test-method> <!-- login -->
        <test-method signature="mytest()[pri:1, instance:project2.class1@368f2016]" started-at="2023-10-24T09:15:55 TRT" name="mytest" finished-at="2023-10-24T09:15:56 TRT" duration-ms="751" status="PASS">
          <reporter-output>
          </reporter-output>
        </test-method> <!-- mytest -->
        <test-method signature="addItemToCard()[pri:2, instance:project2.class1@368f2016]" started-at="2023-10-24T09:15:56 TRT" name="addItemToCard" finished-at="2023-10-24T09:16:02 TRT" duration-ms="6349" status="PASS">
          <reporter-output>
          </reporter-output>
        </test-method> <!-- addItemToCard -->
        <test-method is-config="true" signature="mypost()[pri:0, instance:project2.class1@368f2016]" started-at="2023-10-24T09:16:02 TRT" name="mypost" finished-at="2023-10-24T09:16:02 TRT" duration-ms="247" status="PASS">
          <reporter-output>
          </reporter-output>
        </test-method> <!-- mypost -->
      </class> <!-- project2.class1 -->
    </test> <!-- Default test -->
  </suite> <!-- Default suite -->
</testng-results>
